0
0x0
nop ---- ---- 00000000 00000000 BUB
nop 00000000 00000000 00000000 ---- ---- ---- ---- BUB
nop 0 00000000 00000000 ---- ---- BUB
nop 00000000 00000000 ---- ---- BUB
AOK
1 0 0
00000000
00000000
00000000
00000000
00000000
00000000
00000000
00000000
MEMBEG
CYCEND
1
0x2
cmove %edx %eax 00000000 00000002 AOK
nop 00000000 00000000 00000000 ---- ---- ---- ---- BUB
nop 0 00000000 00000000 ---- ---- BUB
nop 00000000 00000000 ---- ---- BUB
AOK
1 0 0
00000000
00000000
00000000
00000000
00000000
00000000
00000000
00000000
MEMBEG
CYCEND
2
0x8
INS %edi ---- 74756365 00000008 AOK
cmove 00000000 00000000 00000000 %edx ---- %eax ---- AOK
nop 0 00000000 00000000 ---- ---- BUB
nop 00000000 00000000 ---- ---- BUB
AOK
1 0 0
00000000
00000000
00000000
00000000
00000000
00000000
00000000
00000000
MEMBEG
CYCEND
3
0xa
